\BOOKMARK [1][-]{section.1}{\376\377\000L\000i\000n\000e\000a\000r\000\040\000C\000l\000a\000s\000s\000i\000f\000i\000e\000r\000s\000\040\000a\000n\000d\000\040\000G\000e\000n\000e\000r\000a\000l\000i\000z\000a\000t\000i\000o\000n\000s}{}% 1
\BOOKMARK [2][-]{subsection.1.1}{\376\377\000I\000n\000t\000r\000o}{section.1}% 2
\BOOKMARK [2][-]{subsection.1.2}{\376\377\000L\000i\000n\000e\000a\000r\000\040\000C\000l\000a\000s\000s\000i\000f\000i\000e\000r\000\040\000a\000n\000d\000\040\000P\000e\000r\000c\000e\000p\000t\000r\000o\000n}{section.1}% 3
\BOOKMARK [2][-]{subsection.1.3}{\376\377\000H\000i\000n\000g\000e\000\040\000L\000o\000s\000s\000,\000\040\000M\000a\000r\000g\000i\000n\000\040\000b\000o\000u\000n\000d\000a\000r\000i\000e\000s}{section.1}% 4
\BOOKMARK [3][-]{subsubsection.1.3.1}{\376\377\000E\000r\000r\000o\000r\000\040\000D\000e\000c\000o\000m\000p\000o\000s\000i\000t\000i\000o\000n}{subsection.1.3}% 5
\BOOKMARK [3][-]{subsubsection.1.3.2}{\376\377\000G\000r\000a\000d\000i\000e\000n\000t\000\040\000D\000e\000s\000c\000e\000n\000t\000:\000\040\000G\000e\000o\000m\000e\000t\000r\000i\000c\000a\000l\000l\000y\000\040\000R\000e\000v\000i\000s\000i\000t\000e\000d}{subsection.1.3}% 6
\BOOKMARK [2][-]{subsection.1.4}{\376\377\000A\000\040\000l\000o\000o\000k\000\040\000a\000t\000\040\000C\000r\000o\000s\000s\000\040\000V\000a\000l\000i\000d\000a\000t\000i\000o\000n}{section.1}% 7
\BOOKMARK [1][-]{section.2}{\376\377\000N\000o\000n\000l\000i\000n\000e\000a\000r\000\040\000C\000l\000a\000s\000s\000i\000f\000i\000c\000a\000t\000i\000o\000n\000s\000\040\000a\000n\000d\000\040\000L\000i\000n\000e\000a\000r\000\040\000R\000e\000g\000r\000e\000s\000s\000i\000o\000n}{}% 8
\BOOKMARK [2][-]{subsection.2.1}{\376\377\000L\000i\000n\000e\000a\000r\000\040\000R\000e\000g\000r\000e\000s\000s\000i\000o\000n}{section.2}% 9
\BOOKMARK [3][-]{subsubsection.2.1.1}{\376\377\000O\000b\000j\000e\000c\000t\000i\000v\000e}{subsection.2.1}% 10
\BOOKMARK [3][-]{subsubsection.2.1.2}{\376\377\000G\000r\000a\000d\000i\000e\000n\000t\000-\000b\000a\000s\000e\000d\000\040\000a\000p\000p\000r\000o\000a\000c\000h}{subsection.2.1}% 11
\BOOKMARK [3][-]{subsubsection.2.1.3}{\376\377\000C\000l\000o\000s\000e\000d\000\040\000f\000o\000r\000m\000\040\000s\000o\000l\000u\000t\000i\000o\000n}{subsection.2.1}% 12
\BOOKMARK [3][-]{subsubsection.2.1.4}{\376\377\000R\000e\000g\000u\000l\000a\000r\000i\000z\000a\000t\000i\000o\000n}{subsection.2.1}% 13
\BOOKMARK [3][-]{subsubsection.2.1.5}{\376\377\000E\000q\000u\000i\000v\000a\000l\000a\000n\000c\000e\000\040\000o\000f\000\040\000r\000e\000g\000u\000l\000a\000r\000i\000z\000a\000t\000i\000o\000n\000\040\000t\000o\000\040\000a\000\040\000G\000a\000u\000s\000s\000i\000a\000n\000\040\000P\000r\000i\000o\000r\000\040\000o\000n\000\040\000W\000e\000i\000g\000h\000t\000s}{subsection.2.1}% 14
\BOOKMARK [2][-]{subsection.2.2}{\376\377\000N\000o\000n\000l\000i\000n\000e\000a\000r\000\040\000C\000l\000a\000s\000s\000i\000f\000i\000c\000a\000t\000i\000o\000n}{section.2}% 15
\BOOKMARK [3][-]{subsubsection.2.2.1}{\376\377\000K\000e\000r\000n\000e\000l\000s}{subsection.2.2}% 16
\BOOKMARK [3][-]{subsubsection.2.2.2}{\376\377\000R\000a\000d\000i\000a\000l\000\040\000B\000a\000s\000i\000s\000\040\000K\000e\000r\000n\000e\000l}{subsection.2.2}% 17
\BOOKMARK [1][-]{section.3}{\376\377\000N\000e\000u\000r\000a\000l\000\040\000N\000e\000t\000w\000o\000r\000k\000s}{}% 18
\BOOKMARK [2][-]{subsection.3.1}{\376\377\000F\000e\000e\000d\000f\000o\000r\000w\000a\000r\000d\000\040\000N\000e\000u\000r\000a\000l\000\040\000N\000e\000t\000s}{section.3}% 19
\BOOKMARK [3][-]{subsubsection.3.1.1}{\376\377\000B\000a\000c\000k\000-\000p\000r\000o\000p\000a\000g\000a\000t\000i\000o\000n}{subsection.3.1}% 20
\BOOKMARK [2][-]{subsection.3.2}{\376\377\000R\000e\000c\000u\000r\000r\000e\000n\000t\000\040\000N\000e\000u\000r\000a\000l\000\040\000N\000e\000t\000w\000o\000r\000k\000s}{section.3}% 21
\BOOKMARK [3][-]{subsubsection.3.2.1}{\376\377\000E\000n\000c\000o\000d\000i\000n\000g}{subsection.3.2}% 22
\BOOKMARK [3][-]{subsubsection.3.2.2}{\376\377\000G\000a\000t\000i\000n\000g\000\040\000a\000n\000d\000\040\000L\000S\000T\000M}{subsection.3.2}% 23
\BOOKMARK [3][-]{subsubsection.3.2.3}{\376\377\000M\000a\000r\000k\000o\000v\000\040\000M\000o\000d\000e\000l\000s}{subsection.3.2}% 24
\BOOKMARK [2][-]{subsection.3.3}{\376\377\000C\000o\000n\000v\000o\000l\000u\000t\000i\000o\000n\000\040\000N\000e\000u\000r\000a\000l\000\040\000N\000e\000t\000w\000o\000r\000k}{section.3}% 25
\BOOKMARK [1][-]{section.4}{\376\377\000R\000e\000i\000n\000f\000o\000r\000c\000e\000m\000e\000n\000t\000\040\000L\000e\000a\000r\000n\000i\000n\000g}{}% 26
\BOOKMARK [2][-]{subsection.4.1}{\376\377\000R\000e\000i\000n\000f\000o\000r\000c\000e\000m\000e\000n\000t\000\040\000L\000e\000a\000r\000n\000i\000n\000g\000\040\000I}{section.4}% 27
\BOOKMARK [3][-]{subsubsection.4.1.1}{\376\377\000V\000a\000l\000u\000e\000\040\000I\000t\000e\000r\000a\000t\000i\000o\000n\000\040\000A\000l\000g\000o\000r\000i\000t\000h\000m}{subsection.4.1}% 28
\BOOKMARK [3][-]{subsubsection.4.1.2}{\376\377\000E\000s\000t\000i\000m\000a\000t\000i\000n\000g\000\040\000i\000n\000p\000u\000t\000s\000\040\000f\000o\000r\000\040\000R\000L\000\040\000a\000l\000g\000o\000r\000i\000t\000h\000m}{subsection.4.1}% 29
\BOOKMARK [3][-]{subsubsection.4.1.3}{\376\377\000Q\000-\000v\000a\000l\000u\000e\000\040\000i\000t\000e\000r\000a\000t\000i\000o\000n\000\040\000f\000o\000r\000\040\000R\000L}{subsection.4.1}% 30
